Sauce Cypress Runner 10.0.0
Preparing npm environment

Couldn't find tsconfig.json. tsconfig-paths will be skipped

====================================================================================================

  (Run Starting)

  ┌────────────────────────────────────────────────────────────────────────────────────────────────┐
  │ Cypress:        12.3.0                                                                         │
  │ Browser:        Custom Chrome 111                                                              │
  │ Node Version:   v16.19.0 (D:\sauce-cypress-runner\10.0.0\bundle\node.exe)                      │
  │ Specs:          1 found (spec.cy.js)                                                           │
  │ Searched:       cypress/e2e/spec.cy.js                                                         │
  └────────────────────────────────────────────────────────────────────────────────────────────────┘


────────────────────────────────────────────────────────────────────────────────────────────────────
                                                                                                    
  Running:  spec.cy.js                                                                      (1 of 1)


  template spec
    √ passes


  1 passing (2s)


  (Results)

  ┌────────────────────────────────────────────────────────────────────────────────────────────────┐
  │ Tests:        1                                                                                │
  │ Passing:      1                                                                                │
  │ Failing:      0                                                                                │
  │ Pending:      0                                                                                │
  │ Skipped:      0                                                                                │
  │ Screenshots:  0                                                                                │
  │ Video:        false                                                                            │
  │ Duration:     1 second                                                                         │
  │ Spec Ran:     spec.cy.js                                                                       │
  └────────────────────────────────────────────────────────────────────────────────────────────────┘


====================================================================================================

  (Run Finished)


       Spec                                              Tests  Passing  Failing  Pending  Skipped  
  ┌────────────────────────────────────────────────────────────────────────────────────────────────┐
  │ √  spec.cy.js                               00:01        1        1        -        -        - │
  └────────────────────────────────────────────────────────────────────────────────────────────────┘
    √  All specs passed!                        00:01        1        1        -        -        -  

